2019-03-01 15:43:40,972 - BrowserEngine - INFO - you had select Chrome browser.
2019-03-01 15:43:40,974 - BrowserEngine - INFO - the test server url is: http://127.0.0.1/forum.php
2019-03-01 15:43:45,457 - BrowserEngine - INFO - 打开浏览器
2019-03-01 15:43:49,774 - BrowserEngine - INFO - Open url: http://127.0.0.1/forum.php
2019-03-01 15:43:50,983 - BrowserEngine - INFO - Maximize the current window.
2019-03-01 15:43:50,991 - BrowserEngine - INFO - Set implicitly wait 10 seconds.
2019-03-01 15:43:51,138 - BasePage - INFO - <Pageobjects.Discuzbody.HomePage object at 0x000001F393DFED68>找到页面元素:('id', 'ls_username')
2019-03-01 15:43:51,545 - BasePage - INFO - <Pageobjects.Discuzbody.HomePage object at 0x000001F393DFED68>找到页面元素:('id', 'ls_password')
2019-03-01 15:43:51,918 - BasePage - INFO - <Pageobjects.Discuzbody.HomePage object at 0x000001F393DFED68>找到页面元素:('xpath', '//*[@id="lsform"]/div/div/table/tbody/tr[2]/td[3]/button/em')
2019-03-01 15:43:54,110 - BasePage - INFO - <Pageobjects.Discuzbody.HomePage object at 0x000001F393DFED68>找到页面元素:('xpath', '//*[@id="category_1"]/table/tbody/tr[1]/td[2]/h2/a')
2019-03-01 15:43:56,479 - BasePage - INFO - <Pageobjects.Discuzbody.HomePage object at 0x000001F393DFED68>找到页面元素:('id', 'subject')
2019-03-01 15:43:56,939 - BasePage - INFO - <Pageobjects.Discuzbody.HomePage object at 0x000001F393DFED68>找到页面元素:('id', 'fastpostmessage')
2019-03-01 15:43:57,601 - BasePage - INFO - <Pageobjects.Discuzbody.HomePage object at 0x000001F393DFED68>找到页面元素:('css selector', '.ptm button')
2019-03-01 15:44:01,684 - BasePage - INFO - <Pageobjects.Discuzbody.HomePage object at 0x000001F393DFED68>找到页面元素:('id', 'fastpostmessage')
2019-03-01 15:44:17,615 - BasePage - INFO - <Pageobjects.Discuzbody.HomePage object at 0x000001F393DFED68>找到页面元素:('id', 'fastpostsubmit')
2019-03-01 15:44:18,921 - BasePage - INFO - <Pageobjects.Discuzbody.HomePage object at 0x000001F393DFED68>找到页面元素:('id', 'fastpostsubmit')
2019-03-01 15:44:19,099 - BasePage - INFO - 回复成功
2019-03-01 15:44:30,311 - BasePage - INFO - 有截屏并且保存的路径是/screenshots/
2019-03-01 15:44:30,314 - BasePage - ERROR - <Pageobjects.Discuzbody.HomePage object at 0x000001F393DFED68>页面未能找到('css selector', '#um > p:nth-child(2) > a:nth-child(18)')元素
2019-03-01 15:44:30,841 - BasePage - INFO - 有截屏并且保存的路径是/screenshots/
2019-03-01 15:44:30,842 - BrowserEngine - INFO - New,Close and quit the browser
2019-03-01 15:44:33,530 - BrowserEngine - INFO - you had select Chrome browser.
2019-03-01 15:44:33,559 - BrowserEngine - INFO - the test server url is: http://127.0.0.1/forum.php
2019-03-01 15:44:38,292 - BrowserEngine - INFO - 打开浏览器
2019-03-01 15:44:41,615 - BrowserEngine - INFO - Open url: http://127.0.0.1/forum.php
2019-03-01 15:44:42,830 - BrowserEngine - INFO - Maximize the current window.
2019-03-01 15:44:42,837 - BrowserEngine - INFO - Set implicitly wait 10 seconds.
2019-03-01 15:44:42,975 - BasePage - INFO - <Pageobjects.Discuzbody.HomePage object at 0x000001F393E16F98>找到页面元素:('id', 'ls_username')
2019-03-01 15:44:43,373 - BasePage - INFO - <Pageobjects.Discuzbody.HomePage object at 0x000001F393E16F98>找到页面元素:('id', 'ls_password')
2019-03-01 15:44:43,771 - BasePage - INFO - <Pageobjects.Discuzbody.HomePage object at 0x000001F393E16F98>找到页面元素:('xpath', '//*[@id="lsform"]/div/div/table/tbody/tr[2]/td[3]/button/em')
2019-03-01 15:44:43,994 - BasePage - INFO - 登陆成功
2019-03-01 15:44:46,151 - BasePage - INFO - <Pageobjects.Discuzbody.HomePage object at 0x000001F393E16F98>找到页面元素:('xpath', '//*[@id="category_1"]/table/tbody/tr[1]/td[2]/h2/a')
2019-03-01 15:44:48,622 - BasePage - INFO - <Pageobjects.Discuzbody.HomePage object at 0x000001F393E16F98>找到页面元素:('name', 'moderate[]')
2019-03-01 15:44:49,033 - BasePage - INFO - <Pageobjects.Discuzbody.HomePage object at 0x000001F393E16F98>找到页面元素:('css selector', '#mdly > p:nth-child(6) > strong:nth-child(1) > a')
2019-03-01 15:44:50,139 - BasePage - INFO - <Pageobjects.Discuzbody.HomePage object at 0x000001F393E16F98>找到页面元素:('id', 'modsubmit')
2019-03-01 15:44:52,587 - BasePage - INFO - 删除帖子成功
2019-03-01 15:44:52,886 - BasePage - INFO - <Pageobjects.Discuzbody.HomePage object at 0x000001F393E16F98>找到页面元素:('css selector', '#um > p:nth-child(2) > a:nth-child(16)')
2019-03-01 15:44:54,995 - BasePage - INFO - <Pageobjects.Discuzbody.HomePage object at 0x000001F393E16F98>找到页面元素:('name', 'admin_password')
2019-03-01 15:44:55,440 - BasePage - INFO - <Pageobjects.Discuzbody.HomePage object at 0x000001F393E16F98>找到页面元素:('css selector', '#loginform > p.loginnofloat > input')
2019-03-01 15:45:24,856 - BasePage - INFO - <Pageobjects.Discuzbody.HomePage object at 0x000001F393E16F98>找到页面元素:('id', 'header_forum')
2019-03-01 15:45:26,305 - BasePage - INFO - <Pageobjects.Discuzbody.HomePage object at 0x000001F393E16F98>找到页面元素:('css selector', '.lastboard a')
2019-03-01 15:45:27,410 - BasePage - INFO - <Pageobjects.Discuzbody.HomePage object at 0x000001F393E16F98>找到页面元素:('name', 'newforum[1][]')
2019-03-01 15:45:27,739 - BasePage - INFO - <Pageobjects.Discuzbody.HomePage object at 0x000001F393E16F98>找到页面元素:('name', 'newforum[1][]')
2019-03-01 15:45:28,382 - BasePage - INFO - <Pageobjects.Discuzbody.HomePage object at 0x000001F393E16F98>找到页面元素:('id', 'submit_editsubmit')
2019-03-01 15:45:30,549 - BasePage - INFO - 运行成功
2019-03-01 15:45:30,913 - BasePage - INFO - <Pageobjects.Discuzbody.HomePage object at 0x000001F393E16F98>找到页面元素:('xpath', '//*[@id="frameuinfo"]/p[1]/a')
2019-03-01 15:45:35,104 - BasePage - INFO - <Pageobjects.Discuzbody.HomePage object at 0x000001F393E16F98>找到页面元素:('css selector', '#um > p:nth-child(2) > a:nth-child(18)')
2019-03-01 15:45:39,726 - BasePage - INFO - <Pageobjects.Discuzbody.HomePage object at 0x000001F393E16F98>找到页面元素:('id', 'ls_username')
2019-03-01 15:45:40,189 - BasePage - INFO - <Pageobjects.Discuzbody.HomePage object at 0x000001F393E16F98>找到页面元素:('id', 'ls_password')
2019-03-01 15:45:40,573 - BasePage - INFO - <Pageobjects.Discuzbody.HomePage object at 0x000001F393E16F98>找到页面元素:('xpath', '//*[@id="lsform"]/div/div/table/tbody/tr[2]/td[3]/button/em')
2019-03-01 15:45:43,090 - BasePage - INFO - <Pageobjects.Discuzbody.HomePage object at 0x000001F393E16F98>找到页面元素:('css selector', '#category_1 > table > tbody > tr:nth-last-child(2) > td:nth-child(2) > h2 > a')
2019-03-01 15:45:48,513 - BasePage - INFO - <Pageobjects.Discuzbody.HomePage object at 0x000001F393E16F98>找到页面元素:('id', 'subject')
2019-03-01 15:45:51,012 - BasePage - INFO - <Pageobjects.Discuzbody.HomePage object at 0x000001F393E16F98>找到页面元素:('id', 'fastpostmessage')
2019-03-01 15:45:55,653 - BasePage - INFO - <Pageobjects.Discuzbody.HomePage object at 0x000001F393E16F98>找到页面元素:('css selector', '.ptm button')
